<?xml version="1.0" encoding="UTF-8"?>
<!-- Generated by org.testng.reporters.JUnitReportReporter -->
<testsuite hostname="SST-LAP-LEN0034" name="com.practice.test.ExtentReportsDemoTestNG" tests="1" failures="0" timestamp="26 Jan 2020 18:49:51 GMT" time="9.820" errors="0">
  <testcase name="test1" time="9.820" classname="com.practice.test.ExtentReportsDemoTestNG"/>
</testsuite> <!-- com.practice.test.ExtentReportsDemoTestNG -->
