<?xml version="1.0" encoding="UTF-8"?>
<!-- Generated by org.testng.reporters.JUnitReportReporter -->
<testsuite hostname="SST-LAP-LEN0034" name="com.practice.test.GoogleSearchPageTest" tests="1" failures="0" timestamp="25 Jan 2020 20:53:14 GMT" time="8.789" errors="0">
  <testcase name="googleSearchTest" time="8.789" classname="com.practice.test.GoogleSearchPageTest"/>
</testsuite> <!-- com.practice.test.GoogleSearchPageTest -->
