<?xml version="1.0" encoding="UTF-8"?>
<!-- Generated by org.testng.reporters.JUnitReportReporter -->
<testsuite skipped="0" hostname="SST-LAP-LEN0034" name="com.practice.test.GoogleSearchPageTest" tests="1" failures="0" timestamp="2020-01-26T03:18:14 IST" time="7.557" errors="0">
  <testcase name="googleSearchTest" time="7.557" classname="com.practice.test.GoogleSearchPageTest"/>
  <system-out/>
</testsuite> <!-- com.practice.test.GoogleSearchPageTest -->
